Performing C SOURCE FILE Test CMAKE_HAVE_LIBC_PTHREAD failed with the following output:
Change Dir: /home/team06/code/Team06-ADS_Autonomous-Lane-Detection/MPC/process_cam/build/CMakeFiles/CMakeScratch/TryCompile-Wtp7FZ

Run Build Command(s):/usr/bin/make -f Makefile cmTC_94a79/fast && /usr/bin/make  -f CMakeFiles/cmTC_94a79.dir/build.make CMakeFiles/cmTC_94a79.dir/build
make[1]: Entering directory '/home/team06/code/Team06-ADS_Autonomous-Lane-Detection/MPC/process_cam/build/CMakeFiles/CMakeScratch/TryCompile-Wtp7FZ'
Building C object CMakeFiles/cmTC_94a79.dir/src.c.o
/usr/bin/cc -DCMAKE_HAVE_LIBC_PTHREAD  -fPIC  -o CMakeFiles/cmTC_94a79.dir/src.c.o -c /home/team06/code/Team06-ADS_Autonomous-Lane-Detection/MPC/process_cam/build/CMakeFiles/CMakeScratch/TryCompile-Wtp7FZ/src.c
Linking C executable cmTC_94a79
/usr/bin/cmake -E cmake_link_script CMakeFiles/cmTC_94a79.dir/link.txt --verbose=1
/usr/bin/cc -fPIC  CMakeFiles/cmTC_94a79.dir/src.c.o -o cmTC_94a79 
CMakeFiles/cmTC_94a79.dir/src.c.o: In function `main':
src.c:(.text+0x48): undefined reference to `pthread_create'
src.c:(.text+0x50): undefined reference to `pthread_detach'
src.c:(.text+0x58): undefined reference to `pthread_cancel'
src.c:(.text+0x64): undefined reference to `pthread_join'
src.c:(.text+0x74): undefined reference to `pthread_atfork'
collect2: error: ld returned 1 exit status
CMakeFiles/cmTC_94a79.dir/build.make:98: recipe for target 'cmTC_94a79' failed
make[1]: *** [cmTC_94a79] Error 1
make[1]: Leaving directory '/home/team06/code/Team06-ADS_Autonomous-Lane-Detection/MPC/process_cam/build/CMakeFiles/CMakeScratch/TryCompile-Wtp7FZ'
Makefile:127: recipe for target 'cmTC_94a79/fast' failed
make: *** [cmTC_94a79/fast] Error 2


Source file was:
#include <pthread.h>

static void* test_func(void* data)
{
  return data;
}

int main(void)
{
  pthread_t thread;
  pthread_create(&thread, NULL, test_func, NULL);
  pthread_detach(thread);
  pthread_cancel(thread);
  pthread_join(thread, NULL);
  pthread_atfork(NULL, NULL, NULL);
  pthread_exit(NULL);

  return 0;
}


Determining if the function pthread_create exists in the pthreads failed with the following output:
Change Dir: /home/team06/code/Team06-ADS_Autonomous-Lane-Detection/MPC/process_cam/build/CMakeFiles/CMakeScratch/TryCompile-aRztHr

Run Build Command(s):/usr/bin/make -f Makefile cmTC_7137b/fast && /usr/bin/make  -f CMakeFiles/cmTC_7137b.dir/build.make CMakeFiles/cmTC_7137b.dir/build
make[1]: Entering directory '/home/team06/code/Team06-ADS_Autonomous-Lane-Detection/MPC/process_cam/build/CMakeFiles/CMakeScratch/TryCompile-aRztHr'
Building C object CMakeFiles/cmTC_7137b.dir/CheckFunctionExists.c.o
/usr/bin/cc   -fPIC -DCHECK_FUNCTION_EXISTS=pthread_create -o CMakeFiles/cmTC_7137b.dir/CheckFunctionExists.c.o -c /home/team06/code/Team06-ADS_Autonomous-Lane-Detection/MPC/process_cam/build/CMakeFiles/CMakeScratch/TryCompile-aRztHr/CheckFunctionExists.c
Linking C executable cmTC_7137b
/usr/bin/cmake -E cmake_link_script CMakeFiles/cmTC_7137b.dir/link.txt --verbose=1
/usr/bin/cc -fPIC -DCHECK_FUNCTION_EXISTS=pthread_create CMakeFiles/cmTC_7137b.dir/CheckFunctionExists.c.o -o cmTC_7137b  -lpthreads 
/usr/bin/ld: cannot find -lpthreads
collect2: error: ld returned 1 exit status
CMakeFiles/cmTC_7137b.dir/build.make:98: recipe for target 'cmTC_7137b' failed
make[1]: *** [cmTC_7137b] Error 1
make[1]: Leaving directory '/home/team06/code/Team06-ADS_Autonomous-Lane-Detection/MPC/process_cam/build/CMakeFiles/CMakeScratch/TryCompile-aRztHr'
Makefile:127: recipe for target 'cmTC_7137b/fast' failed
make: *** [cmTC_7137b/fast] Error 2



