Performing C SOURCE FILE Test CMAKE_HAVE_LIBC_PTHREAD failed with the following output:
Change Dir: /home/team06/code/Team06-ADS_Autonomous-Lane-Detection/MPC/cpp_lane_infer_v5_lane_nmpc/build/CMakeFiles/CMakeScratch/TryCompile-odAFJZ

Run Build Command(s):/usr/bin/make -f Makefile cmTC_1ff61/fast && /usr/bin/make  -f CMakeFiles/cmTC_1ff61.dir/build.make CMakeFiles/cmTC_1ff61.dir/build
make[1]: Entering directory '/home/team06/code/Team06-ADS_Autonomous-Lane-Detection/MPC/cpp_lane_infer_v5_lane_nmpc/build/CMakeFiles/CMakeScratch/TryCompile-odAFJZ'
Building C object CMakeFiles/cmTC_1ff61.dir/src.c.o
/usr/bin/cc -DCMAKE_HAVE_LIBC_PTHREAD  -fPIC  -o CMakeFiles/cmTC_1ff61.dir/src.c.o -c /home/team06/code/Team06-ADS_Autonomous-Lane-Detection/MPC/cpp_lane_infer_v5_lane_nmpc/build/CMakeFiles/CMakeScratch/TryCompile-odAFJZ/src.c
Linking C executable cmTC_1ff61
/usr/bin/cmake -E cmake_link_script CMakeFiles/cmTC_1ff61.dir/link.txt --verbose=1
/usr/bin/cc -fPIC  CMakeFiles/cmTC_1ff61.dir/src.c.o -o cmTC_1ff61 
CMakeFiles/cmTC_1ff61.dir/src.c.o: In function `main':
src.c:(.text+0x48): undefined reference to `pthread_create'
src.c:(.text+0x50): undefined reference to `pthread_detach'
src.c:(.text+0x58): undefined reference to `pthread_cancel'
src.c:(.text+0x64): undefined reference to `pthread_join'
src.c:(.text+0x74): undefined reference to `pthread_atfork'
collect2: error: ld returned 1 exit status
CMakeFiles/cmTC_1ff61.dir/build.make:98: recipe for target 'cmTC_1ff61' failed
make[1]: *** [cmTC_1ff61] Error 1
make[1]: Leaving directory '/home/team06/code/Team06-ADS_Autonomous-Lane-Detection/MPC/cpp_lane_infer_v5_lane_nmpc/build/CMakeFiles/CMakeScratch/TryCompile-odAFJZ'
Makefile:127: recipe for target 'cmTC_1ff61/fast' failed
make: *** [cmTC_1ff61/fast] Error 2


Source file was:
#include <pthread.h>

static void* test_func(void* data)
{
  return data;
}

int main(void)
{
  pthread_t thread;
  pthread_create(&thread, NULL, test_func, NULL);
  pthread_detach(thread);
  pthread_cancel(thread);
  pthread_join(thread, NULL);
  pthread_atfork(NULL, NULL, NULL);
  pthread_exit(NULL);

  return 0;
}


Determining if the function pthread_create exists in the pthreads failed with the following output:
Change Dir: /home/team06/code/Team06-ADS_Autonomous-Lane-Detection/MPC/cpp_lane_infer_v5_lane_nmpc/build/CMakeFiles/CMakeScratch/TryCompile-77vP33

Run Build Command(s):/usr/bin/make -f Makefile cmTC_44ba6/fast && /usr/bin/make  -f CMakeFiles/cmTC_44ba6.dir/build.make CMakeFiles/cmTC_44ba6.dir/build
make[1]: Entering directory '/home/team06/code/Team06-ADS_Autonomous-Lane-Detection/MPC/cpp_lane_infer_v5_lane_nmpc/build/CMakeFiles/CMakeScratch/TryCompile-77vP33'
Building C object CMakeFiles/cmTC_44ba6.dir/CheckFunctionExists.c.o
/usr/bin/cc   -fPIC -DCHECK_FUNCTION_EXISTS=pthread_create -o CMakeFiles/cmTC_44ba6.dir/CheckFunctionExists.c.o -c /home/team06/code/Team06-ADS_Autonomous-Lane-Detection/MPC/cpp_lane_infer_v5_lane_nmpc/build/CMakeFiles/CMakeScratch/TryCompile-77vP33/CheckFunctionExists.c
Linking C executable cmTC_44ba6
/usr/bin/cmake -E cmake_link_script CMakeFiles/cmTC_44ba6.dir/link.txt --verbose=1
/usr/bin/cc -fPIC -DCHECK_FUNCTION_EXISTS=pthread_create CMakeFiles/cmTC_44ba6.dir/CheckFunctionExists.c.o -o cmTC_44ba6  -lpthreads 
/usr/bin/ld: cannot find -lpthreads
collect2: error: ld returned 1 exit status
CMakeFiles/cmTC_44ba6.dir/build.make:98: recipe for target 'cmTC_44ba6' failed
make[1]: *** [cmTC_44ba6] Error 1
make[1]: Leaving directory '/home/team06/code/Team06-ADS_Autonomous-Lane-Detection/MPC/cpp_lane_infer_v5_lane_nmpc/build/CMakeFiles/CMakeScratch/TryCompile-77vP33'
Makefile:127: recipe for target 'cmTC_44ba6/fast' failed
make: *** [cmTC_44ba6/fast] Error 2



