Performing C SOURCE FILE Test CMAKE_HAVE_LIBC_PTHREAD failed with the following output:
Change Dir: /home/jetson/Desktop/Team06/Team06_ADS_Autonomous-Lane-Detection/MPC/cpp_lane_infer_v12_ZMQ/build/CMakeFiles/CMakeScratch/TryCompile-tv3tbs

Run Build Command(s):/usr/bin/make -f Makefile cmTC_443f8/fast && /usr/bin/make  -f CMakeFiles/cmTC_443f8.dir/build.make CMakeFiles/cmTC_443f8.dir/build
make[1]: Entering directory '/home/jetson/Desktop/Team06/Team06_ADS_Autonomous-Lane-Detection/MPC/cpp_lane_infer_v12_ZMQ/build/CMakeFiles/CMakeScratch/TryCompile-tv3tbs'
Building C object CMakeFiles/cmTC_443f8.dir/src.c.o
/usr/bin/cc -DCMAKE_HAVE_LIBC_PTHREAD  -fPIC  -o CMakeFiles/cmTC_443f8.dir/src.c.o -c /home/jetson/Desktop/Team06/Team06_ADS_Autonomous-Lane-Detection/MPC/cpp_lane_infer_v12_ZMQ/build/CMakeFiles/CMakeScratch/TryCompile-tv3tbs/src.c
Linking C executable cmTC_443f8
/usr/bin/cmake -E cmake_link_script CMakeFiles/cmTC_443f8.dir/link.txt --verbose=1
/usr/bin/cc -fPIC  CMakeFiles/cmTC_443f8.dir/src.c.o -o cmTC_443f8 
/usr/bin/ld: CMakeFiles/cmTC_443f8.dir/src.c.o: in function `main':
src.c:(.text+0x48): undefined reference to `pthread_create'
/usr/bin/ld: src.c:(.text+0x50): undefined reference to `pthread_detach'
/usr/bin/ld: src.c:(.text+0x58): undefined reference to `pthread_cancel'
/usr/bin/ld: src.c:(.text+0x64): undefined reference to `pthread_join'
collect2: error: ld returned 1 exit status
make[1]: *** [CMakeFiles/cmTC_443f8.dir/build.make:99: cmTC_443f8] Error 1
make[1]: Leaving directory '/home/jetson/Desktop/Team06/Team06_ADS_Autonomous-Lane-Detection/MPC/cpp_lane_infer_v12_ZMQ/build/CMakeFiles/CMakeScratch/TryCompile-tv3tbs'
make: *** [Makefile:127: cmTC_443f8/fast] Error 2


Source file was:
#include <pthread.h>

static void* test_func(void* data)
{
  return data;
}

int main(void)
{
  pthread_t thread;
  pthread_create(&thread, NULL, test_func, NULL);
  pthread_detach(thread);
  pthread_cancel(thread);
  pthread_join(thread, NULL);
  pthread_atfork(NULL, NULL, NULL);
  pthread_exit(NULL);

  return 0;
}


Determining if the function pthread_create exists in the pthreads failed with the following output:
Change Dir: /home/jetson/Desktop/Team06/Team06_ADS_Autonomous-Lane-Detection/MPC/cpp_lane_infer_v12_ZMQ/build/CMakeFiles/CMakeScratch/TryCompile-yP7SKu

Run Build Command(s):/usr/bin/make -f Makefile cmTC_d74a0/fast && /usr/bin/make  -f CMakeFiles/cmTC_d74a0.dir/build.make CMakeFiles/cmTC_d74a0.dir/build
make[1]: Entering directory '/home/jetson/Desktop/Team06/Team06_ADS_Autonomous-Lane-Detection/MPC/cpp_lane_infer_v12_ZMQ/build/CMakeFiles/CMakeScratch/TryCompile-yP7SKu'
Building C object CMakeFiles/cmTC_d74a0.dir/CheckFunctionExists.c.o
/usr/bin/cc   -fPIC -DCHECK_FUNCTION_EXISTS=pthread_create -o CMakeFiles/cmTC_d74a0.dir/CheckFunctionExists.c.o -c /home/jetson/Desktop/Team06/Team06_ADS_Autonomous-Lane-Detection/MPC/cpp_lane_infer_v12_ZMQ/build/CMakeFiles/CMakeScratch/TryCompile-yP7SKu/CheckFunctionExists.c
Linking C executable cmTC_d74a0
/usr/bin/cmake -E cmake_link_script CMakeFiles/cmTC_d74a0.dir/link.txt --verbose=1
/usr/bin/cc -fPIC -DCHECK_FUNCTION_EXISTS=pthread_create CMakeFiles/cmTC_d74a0.dir/CheckFunctionExists.c.o -o cmTC_d74a0  -lpthreads 
/usr/bin/ld: cannot find -lpthreads
collect2: error: ld returned 1 exit status
make[1]: *** [CMakeFiles/cmTC_d74a0.dir/build.make:99: cmTC_d74a0] Error 1
make[1]: Leaving directory '/home/jetson/Desktop/Team06/Team06_ADS_Autonomous-Lane-Detection/MPC/cpp_lane_infer_v12_ZMQ/build/CMakeFiles/CMakeScratch/TryCompile-yP7SKu'
make: *** [Makefile:127: cmTC_d74a0/fast] Error 2



