Performing C SOURCE FILE Test CMAKE_HAVE_LIBC_PTHREAD failed with the following output:
Change Dir: /home/team06/code/Team06-ADS_Autonomous-Lane-Detection/MPC/cpp_lane_infer_v4_lane_nmpc/build/CMakeFiles/CMakeScratch/TryCompile-2AR8ce

Run Build Command(s):/usr/bin/make -f Makefile cmTC_51c1c/fast && /usr/bin/make  -f CMakeFiles/cmTC_51c1c.dir/build.make CMakeFiles/cmTC_51c1c.dir/build
make[1]: Entering directory '/home/team06/code/Team06-ADS_Autonomous-Lane-Detection/MPC/cpp_lane_infer_v4_lane_nmpc/build/CMakeFiles/CMakeScratch/TryCompile-2AR8ce'
Building C object CMakeFiles/cmTC_51c1c.dir/src.c.o
/usr/bin/cc -DCMAKE_HAVE_LIBC_PTHREAD  -fPIC  -o CMakeFiles/cmTC_51c1c.dir/src.c.o -c /home/team06/code/Team06-ADS_Autonomous-Lane-Detection/MPC/cpp_lane_infer_v4_lane_nmpc/build/CMakeFiles/CMakeScratch/TryCompile-2AR8ce/src.c
Linking C executable cmTC_51c1c
/usr/bin/cmake -E cmake_link_script CMakeFiles/cmTC_51c1c.dir/link.txt --verbose=1
/usr/bin/cc -fPIC  CMakeFiles/cmTC_51c1c.dir/src.c.o -o cmTC_51c1c 
CMakeFiles/cmTC_51c1c.dir/src.c.o: In function `main':
src.c:(.text+0x48): undefined reference to `pthread_create'
src.c:(.text+0x50): undefined reference to `pthread_detach'
src.c:(.text+0x58): undefined reference to `pthread_cancel'
src.c:(.text+0x64): undefined reference to `pthread_join'
src.c:(.text+0x74): undefined reference to `pthread_atfork'
collect2: error: ld returned 1 exit status
CMakeFiles/cmTC_51c1c.dir/build.make:98: recipe for target 'cmTC_51c1c' failed
make[1]: *** [cmTC_51c1c] Error 1
make[1]: Leaving directory '/home/team06/code/Team06-ADS_Autonomous-Lane-Detection/MPC/cpp_lane_infer_v4_lane_nmpc/build/CMakeFiles/CMakeScratch/TryCompile-2AR8ce'
Makefile:127: recipe for target 'cmTC_51c1c/fast' failed
make: *** [cmTC_51c1c/fast] Error 2


Source file was:
#include <pthread.h>

static void* test_func(void* data)
{
  return data;
}

int main(void)
{
  pthread_t thread;
  pthread_create(&thread, NULL, test_func, NULL);
  pthread_detach(thread);
  pthread_cancel(thread);
  pthread_join(thread, NULL);
  pthread_atfork(NULL, NULL, NULL);
  pthread_exit(NULL);

  return 0;
}


Determining if the function pthread_create exists in the pthreads failed with the following output:
Change Dir: /home/team06/code/Team06-ADS_Autonomous-Lane-Detection/MPC/cpp_lane_infer_v4_lane_nmpc/build/CMakeFiles/CMakeScratch/TryCompile-zSvSW9

Run Build Command(s):/usr/bin/make -f Makefile cmTC_cfe2c/fast && /usr/bin/make  -f CMakeFiles/cmTC_cfe2c.dir/build.make CMakeFiles/cmTC_cfe2c.dir/build
make[1]: Entering directory '/home/team06/code/Team06-ADS_Autonomous-Lane-Detection/MPC/cpp_lane_infer_v4_lane_nmpc/build/CMakeFiles/CMakeScratch/TryCompile-zSvSW9'
Building C object CMakeFiles/cmTC_cfe2c.dir/CheckFunctionExists.c.o
/usr/bin/cc   -fPIC -DCHECK_FUNCTION_EXISTS=pthread_create -o CMakeFiles/cmTC_cfe2c.dir/CheckFunctionExists.c.o -c /home/team06/code/Team06-ADS_Autonomous-Lane-Detection/MPC/cpp_lane_infer_v4_lane_nmpc/build/CMakeFiles/CMakeScratch/TryCompile-zSvSW9/CheckFunctionExists.c
Linking C executable cmTC_cfe2c
/usr/bin/cmake -E cmake_link_script CMakeFiles/cmTC_cfe2c.dir/link.txt --verbose=1
/usr/bin/cc -fPIC -DCHECK_FUNCTION_EXISTS=pthread_create CMakeFiles/cmTC_cfe2c.dir/CheckFunctionExists.c.o -o cmTC_cfe2c  -lpthreads 
/usr/bin/ld: cannot find -lpthreads
collect2: error: ld returned 1 exit status
CMakeFiles/cmTC_cfe2c.dir/build.make:98: recipe for target 'cmTC_cfe2c' failed
make[1]: *** [cmTC_cfe2c] Error 1
make[1]: Leaving directory '/home/team06/code/Team06-ADS_Autonomous-Lane-Detection/MPC/cpp_lane_infer_v4_lane_nmpc/build/CMakeFiles/CMakeScratch/TryCompile-zSvSW9'
Makefile:127: recipe for target 'cmTC_cfe2c/fast' failed
make: *** [cmTC_cfe2c/fast] Error 2



