Performing C SOURCE FILE Test CMAKE_HAVE_LIBC_PTHREAD failed with the following output:
Change Dir: /home/jetson/Desktop/Team06/Team06_ADS_Autonomous-Lane-Detection/MPC/cpp_lane_infer_v11_PID/build/CMakeFiles/CMakeScratch/TryCompile-qTNvGI

Run Build Command(s):/usr/bin/make -f Makefile cmTC_a0206/fast && /usr/bin/make  -f CMakeFiles/cmTC_a0206.dir/build.make CMakeFiles/cmTC_a0206.dir/build
make[1]: Entering directory '/home/jetson/Desktop/Team06/Team06_ADS_Autonomous-Lane-Detection/MPC/cpp_lane_infer_v11_PID/build/CMakeFiles/CMakeScratch/TryCompile-qTNvGI'
Building C object CMakeFiles/cmTC_a0206.dir/src.c.o
/usr/bin/cc -DCMAKE_HAVE_LIBC_PTHREAD  -fPIC  -o CMakeFiles/cmTC_a0206.dir/src.c.o -c /home/jetson/Desktop/Team06/Team06_ADS_Autonomous-Lane-Detection/MPC/cpp_lane_infer_v11_PID/build/CMakeFiles/CMakeScratch/TryCompile-qTNvGI/src.c
Linking C executable cmTC_a0206
/usr/bin/cmake -E cmake_link_script CMakeFiles/cmTC_a0206.dir/link.txt --verbose=1
/usr/bin/cc -fPIC  CMakeFiles/cmTC_a0206.dir/src.c.o -o cmTC_a0206 
/usr/bin/ld: CMakeFiles/cmTC_a0206.dir/src.c.o: in function `main':
src.c:(.text+0x48): undefined reference to `pthread_create'
/usr/bin/ld: src.c:(.text+0x50): undefined reference to `pthread_detach'
/usr/bin/ld: src.c:(.text+0x58): undefined reference to `pthread_cancel'
/usr/bin/ld: src.c:(.text+0x64): undefined reference to `pthread_join'
collect2: error: ld returned 1 exit status
make[1]: *** [CMakeFiles/cmTC_a0206.dir/build.make:99: cmTC_a0206] Error 1
make[1]: Leaving directory '/home/jetson/Desktop/Team06/Team06_ADS_Autonomous-Lane-Detection/MPC/cpp_lane_infer_v11_PID/build/CMakeFiles/CMakeScratch/TryCompile-qTNvGI'
make: *** [Makefile:127: cmTC_a0206/fast] Error 2


Source file was:
#include <pthread.h>

static void* test_func(void* data)
{
  return data;
}

int main(void)
{
  pthread_t thread;
  pthread_create(&thread, NULL, test_func, NULL);
  pthread_detach(thread);
  pthread_cancel(thread);
  pthread_join(thread, NULL);
  pthread_atfork(NULL, NULL, NULL);
  pthread_exit(NULL);

  return 0;
}


Determining if the function pthread_create exists in the pthreads failed with the following output:
Change Dir: /home/jetson/Desktop/Team06/Team06_ADS_Autonomous-Lane-Detection/MPC/cpp_lane_infer_v11_PID/build/CMakeFiles/CMakeScratch/TryCompile-7BbnlE

Run Build Command(s):/usr/bin/make -f Makefile cmTC_7a890/fast && /usr/bin/make  -f CMakeFiles/cmTC_7a890.dir/build.make CMakeFiles/cmTC_7a890.dir/build
make[1]: Entering directory '/home/jetson/Desktop/Team06/Team06_ADS_Autonomous-Lane-Detection/MPC/cpp_lane_infer_v11_PID/build/CMakeFiles/CMakeScratch/TryCompile-7BbnlE'
Building C object CMakeFiles/cmTC_7a890.dir/CheckFunctionExists.c.o
/usr/bin/cc   -fPIC -DCHECK_FUNCTION_EXISTS=pthread_create -o CMakeFiles/cmTC_7a890.dir/CheckFunctionExists.c.o -c /home/jetson/Desktop/Team06/Team06_ADS_Autonomous-Lane-Detection/MPC/cpp_lane_infer_v11_PID/build/CMakeFiles/CMakeScratch/TryCompile-7BbnlE/CheckFunctionExists.c
Linking C executable cmTC_7a890
/usr/bin/cmake -E cmake_link_script CMakeFiles/cmTC_7a890.dir/link.txt --verbose=1
/usr/bin/cc -fPIC -DCHECK_FUNCTION_EXISTS=pthread_create CMakeFiles/cmTC_7a890.dir/CheckFunctionExists.c.o -o cmTC_7a890  -lpthreads 
/usr/bin/ld: cannot find -lpthreads
collect2: error: ld returned 1 exit status
make[1]: *** [CMakeFiles/cmTC_7a890.dir/build.make:99: cmTC_7a890] Error 1
make[1]: Leaving directory '/home/jetson/Desktop/Team06/Team06_ADS_Autonomous-Lane-Detection/MPC/cpp_lane_infer_v11_PID/build/CMakeFiles/CMakeScratch/TryCompile-7BbnlE'
make: *** [Makefile:127: cmTC_7a890/fast] Error 2



