Performing C SOURCE FILE Test CMAKE_HAVE_LIBC_PTHREAD failed with the following output:
Change Dir: /home/jetson/Desktop/Team06/Team06_ADS_Autonomous-Lane-Detection/object_detection/build/CMakeFiles/CMakeScratch/TryCompile-GN5mRo

Run Build Command(s):/usr/bin/make -f Makefile cmTC_0ec40/fast && /usr/bin/make  -f CMakeFiles/cmTC_0ec40.dir/build.make CMakeFiles/cmTC_0ec40.dir/build
make[1]: Entering directory '/home/jetson/Desktop/Team06/Team06_ADS_Autonomous-Lane-Detection/object_detection/build/CMakeFiles/CMakeScratch/TryCompile-GN5mRo'
Building C object CMakeFiles/cmTC_0ec40.dir/src.c.o
/usr/bin/cc -DCMAKE_HAVE_LIBC_PTHREAD  -fPIC  -o CMakeFiles/cmTC_0ec40.dir/src.c.o -c /home/jetson/Desktop/Team06/Team06_ADS_Autonomous-Lane-Detection/object_detection/build/CMakeFiles/CMakeScratch/TryCompile-GN5mRo/src.c
Linking C executable cmTC_0ec40
/usr/bin/cmake -E cmake_link_script CMakeFiles/cmTC_0ec40.dir/link.txt --verbose=1
/usr/bin/cc -fPIC  CMakeFiles/cmTC_0ec40.dir/src.c.o -o cmTC_0ec40 
/usr/bin/ld: CMakeFiles/cmTC_0ec40.dir/src.c.o: in function `main':
src.c:(.text+0x48): undefined reference to `pthread_create'
/usr/bin/ld: src.c:(.text+0x50): undefined reference to `pthread_detach'
/usr/bin/ld: src.c:(.text+0x58): undefined reference to `pthread_cancel'
/usr/bin/ld: src.c:(.text+0x64): undefined reference to `pthread_join'
collect2: error: ld returned 1 exit status
make[1]: *** [CMakeFiles/cmTC_0ec40.dir/build.make:99: cmTC_0ec40] Error 1
make[1]: Leaving directory '/home/jetson/Desktop/Team06/Team06_ADS_Autonomous-Lane-Detection/object_detection/build/CMakeFiles/CMakeScratch/TryCompile-GN5mRo'
make: *** [Makefile:127: cmTC_0ec40/fast] Error 2


Source file was:
#include <pthread.h>

static void* test_func(void* data)
{
  return data;
}

int main(void)
{
  pthread_t thread;
  pthread_create(&thread, NULL, test_func, NULL);
  pthread_detach(thread);
  pthread_cancel(thread);
  pthread_join(thread, NULL);
  pthread_atfork(NULL, NULL, NULL);
  pthread_exit(NULL);

  return 0;
}


Determining if the function pthread_create exists in the pthreads failed with the following output:
Change Dir: /home/jetson/Desktop/Team06/Team06_ADS_Autonomous-Lane-Detection/object_detection/build/CMakeFiles/CMakeScratch/TryCompile-DXdbYn

Run Build Command(s):/usr/bin/make -f Makefile cmTC_3f016/fast && /usr/bin/make  -f CMakeFiles/cmTC_3f016.dir/build.make CMakeFiles/cmTC_3f016.dir/build
make[1]: Entering directory '/home/jetson/Desktop/Team06/Team06_ADS_Autonomous-Lane-Detection/object_detection/build/CMakeFiles/CMakeScratch/TryCompile-DXdbYn'
Building C object CMakeFiles/cmTC_3f016.dir/CheckFunctionExists.c.o
/usr/bin/cc   -fPIC -DCHECK_FUNCTION_EXISTS=pthread_create -o CMakeFiles/cmTC_3f016.dir/CheckFunctionExists.c.o -c /home/jetson/Desktop/Team06/Team06_ADS_Autonomous-Lane-Detection/object_detection/build/CMakeFiles/CMakeScratch/TryCompile-DXdbYn/CheckFunctionExists.c
Linking C executable cmTC_3f016
/usr/bin/cmake -E cmake_link_script CMakeFiles/cmTC_3f016.dir/link.txt --verbose=1
/usr/bin/cc -fPIC -DCHECK_FUNCTION_EXISTS=pthread_create CMakeFiles/cmTC_3f016.dir/CheckFunctionExists.c.o -o cmTC_3f016  -lpthreads 
/usr/bin/ld: cannot find -lpthreads
collect2: error: ld returned 1 exit status
make[1]: *** [CMakeFiles/cmTC_3f016.dir/build.make:99: cmTC_3f016] Error 1
make[1]: Leaving directory '/home/jetson/Desktop/Team06/Team06_ADS_Autonomous-Lane-Detection/object_detection/build/CMakeFiles/CMakeScratch/TryCompile-DXdbYn'
make: *** [Makefile:127: cmTC_3f016/fast] Error 2



