Performing C SOURCE FILE Test CMAKE_HAVE_LIBC_PTHREAD failed with the following output:
Change Dir: /home/team06/code/Team06-ADS_Autonomous-Lane-Detection/MPC/cpp_lane_infer_v3/build/CMakeFiles/CMakeScratch/TryCompile-EQwxYe

Run Build Command(s):/usr/bin/make -f Makefile cmTC_daaef/fast && /usr/bin/make  -f CMakeFiles/cmTC_daaef.dir/build.make CMakeFiles/cmTC_daaef.dir/build
make[1]: Entering directory '/home/team06/code/Team06-ADS_Autonomous-Lane-Detection/MPC/cpp_lane_infer_v3/build/CMakeFiles/CMakeScratch/TryCompile-EQwxYe'
Building C object CMakeFiles/cmTC_daaef.dir/src.c.o
/usr/bin/cc -DCMAKE_HAVE_LIBC_PTHREAD  -fPIC  -o CMakeFiles/cmTC_daaef.dir/src.c.o -c /home/team06/code/Team06-ADS_Autonomous-Lane-Detection/MPC/cpp_lane_infer_v3/build/CMakeFiles/CMakeScratch/TryCompile-EQwxYe/src.c
Linking C executable cmTC_daaef
/usr/bin/cmake -E cmake_link_script CMakeFiles/cmTC_daaef.dir/link.txt --verbose=1
/usr/bin/cc -fPIC  CMakeFiles/cmTC_daaef.dir/src.c.o -o cmTC_daaef 
CMakeFiles/cmTC_daaef.dir/src.c.o: In function `main':
src.c:(.text+0x48): undefined reference to `pthread_create'
src.c:(.text+0x50): undefined reference to `pthread_detach'
src.c:(.text+0x58): undefined reference to `pthread_cancel'
src.c:(.text+0x64): undefined reference to `pthread_join'
src.c:(.text+0x74): undefined reference to `pthread_atfork'
collect2: error: ld returned 1 exit status
CMakeFiles/cmTC_daaef.dir/build.make:98: recipe for target 'cmTC_daaef' failed
make[1]: *** [cmTC_daaef] Error 1
make[1]: Leaving directory '/home/team06/code/Team06-ADS_Autonomous-Lane-Detection/MPC/cpp_lane_infer_v3/build/CMakeFiles/CMakeScratch/TryCompile-EQwxYe'
Makefile:127: recipe for target 'cmTC_daaef/fast' failed
make: *** [cmTC_daaef/fast] Error 2


Source file was:
#include <pthread.h>

static void* test_func(void* data)
{
  return data;
}

int main(void)
{
  pthread_t thread;
  pthread_create(&thread, NULL, test_func, NULL);
  pthread_detach(thread);
  pthread_cancel(thread);
  pthread_join(thread, NULL);
  pthread_atfork(NULL, NULL, NULL);
  pthread_exit(NULL);

  return 0;
}


Determining if the function pthread_create exists in the pthreads failed with the following output:
Change Dir: /home/team06/code/Team06-ADS_Autonomous-Lane-Detection/MPC/cpp_lane_infer_v3/build/CMakeFiles/CMakeScratch/TryCompile-2vDXsb

Run Build Command(s):/usr/bin/make -f Makefile cmTC_35425/fast && /usr/bin/make  -f CMakeFiles/cmTC_35425.dir/build.make CMakeFiles/cmTC_35425.dir/build
make[1]: Entering directory '/home/team06/code/Team06-ADS_Autonomous-Lane-Detection/MPC/cpp_lane_infer_v3/build/CMakeFiles/CMakeScratch/TryCompile-2vDXsb'
Building C object CMakeFiles/cmTC_35425.dir/CheckFunctionExists.c.o
/usr/bin/cc   -fPIC -DCHECK_FUNCTION_EXISTS=pthread_create -o CMakeFiles/cmTC_35425.dir/CheckFunctionExists.c.o -c /home/team06/code/Team06-ADS_Autonomous-Lane-Detection/MPC/cpp_lane_infer_v3/build/CMakeFiles/CMakeScratch/TryCompile-2vDXsb/CheckFunctionExists.c
Linking C executable cmTC_35425
/usr/bin/cmake -E cmake_link_script CMakeFiles/cmTC_35425.dir/link.txt --verbose=1
/usr/bin/cc -fPIC -DCHECK_FUNCTION_EXISTS=pthread_create CMakeFiles/cmTC_35425.dir/CheckFunctionExists.c.o -o cmTC_35425  -lpthreads 
/usr/bin/ld: cannot find -lpthreads
collect2: error: ld returned 1 exit status
CMakeFiles/cmTC_35425.dir/build.make:98: recipe for target 'cmTC_35425' failed
make[1]: *** [cmTC_35425] Error 1
make[1]: Leaving directory '/home/team06/code/Team06-ADS_Autonomous-Lane-Detection/MPC/cpp_lane_infer_v3/build/CMakeFiles/CMakeScratch/TryCompile-2vDXsb'
Makefile:127: recipe for target 'cmTC_35425/fast' failed
make: *** [cmTC_35425/fast] Error 2



