Performing C SOURCE FILE Test CMAKE_HAVE_LIBC_PTHREAD failed with the following output:
Change Dir: /home/team06/code/Team06-ADS_Autonomous-Lane-Detection/MPC/cpp_lane_infer/build/CMakeFiles/CMakeScratch/TryCompile-Q8yMSf

Run Build Command(s):/usr/bin/make -f Makefile cmTC_42ae0/fast && /usr/bin/make  -f CMakeFiles/cmTC_42ae0.dir/build.make CMakeFiles/cmTC_42ae0.dir/build
make[1]: Entering directory '/home/team06/code/Team06-ADS_Autonomous-Lane-Detection/MPC/cpp_lane_infer/build/CMakeFiles/CMakeScratch/TryCompile-Q8yMSf'
Building C object CMakeFiles/cmTC_42ae0.dir/src.c.o
/usr/bin/cc -DCMAKE_HAVE_LIBC_PTHREAD  -fPIC  -o CMakeFiles/cmTC_42ae0.dir/src.c.o -c /home/team06/code/Team06-ADS_Autonomous-Lane-Detection/MPC/cpp_lane_infer/build/CMakeFiles/CMakeScratch/TryCompile-Q8yMSf/src.c
Linking C executable cmTC_42ae0
/usr/bin/cmake -E cmake_link_script CMakeFiles/cmTC_42ae0.dir/link.txt --verbose=1
/usr/bin/cc -fPIC  CMakeFiles/cmTC_42ae0.dir/src.c.o -o cmTC_42ae0 
CMakeFiles/cmTC_42ae0.dir/src.c.o: In function `main':
src.c:(.text+0x48): undefined reference to `pthread_create'
src.c:(.text+0x50): undefined reference to `pthread_detach'
src.c:(.text+0x58): undefined reference to `pthread_cancel'
src.c:(.text+0x64): undefined reference to `pthread_join'
src.c:(.text+0x74): undefined reference to `pthread_atfork'
collect2: error: ld returned 1 exit status
CMakeFiles/cmTC_42ae0.dir/build.make:98: recipe for target 'cmTC_42ae0' failed
make[1]: *** [cmTC_42ae0] Error 1
make[1]: Leaving directory '/home/team06/code/Team06-ADS_Autonomous-Lane-Detection/MPC/cpp_lane_infer/build/CMakeFiles/CMakeScratch/TryCompile-Q8yMSf'
Makefile:127: recipe for target 'cmTC_42ae0/fast' failed
make: *** [cmTC_42ae0/fast] Error 2


Source file was:
#include <pthread.h>

static void* test_func(void* data)
{
  return data;
}

int main(void)
{
  pthread_t thread;
  pthread_create(&thread, NULL, test_func, NULL);
  pthread_detach(thread);
  pthread_cancel(thread);
  pthread_join(thread, NULL);
  pthread_atfork(NULL, NULL, NULL);
  pthread_exit(NULL);

  return 0;
}


Determining if the function pthread_create exists in the pthreads failed with the following output:
Change Dir: /home/team06/code/Team06-ADS_Autonomous-Lane-Detection/MPC/cpp_lane_infer/build/CMakeFiles/CMakeScratch/TryCompile-6105ob

Run Build Command(s):/usr/bin/make -f Makefile cmTC_164c0/fast && /usr/bin/make  -f CMakeFiles/cmTC_164c0.dir/build.make CMakeFiles/cmTC_164c0.dir/build
make[1]: Entering directory '/home/team06/code/Team06-ADS_Autonomous-Lane-Detection/MPC/cpp_lane_infer/build/CMakeFiles/CMakeScratch/TryCompile-6105ob'
Building C object CMakeFiles/cmTC_164c0.dir/CheckFunctionExists.c.o
/usr/bin/cc   -fPIC -DCHECK_FUNCTION_EXISTS=pthread_create -o CMakeFiles/cmTC_164c0.dir/CheckFunctionExists.c.o -c /home/team06/code/Team06-ADS_Autonomous-Lane-Detection/MPC/cpp_lane_infer/build/CMakeFiles/CMakeScratch/TryCompile-6105ob/CheckFunctionExists.c
Linking C executable cmTC_164c0
/usr/bin/cmake -E cmake_link_script CMakeFiles/cmTC_164c0.dir/link.txt --verbose=1
/usr/bin/cc -fPIC -DCHECK_FUNCTION_EXISTS=pthread_create CMakeFiles/cmTC_164c0.dir/CheckFunctionExists.c.o -o cmTC_164c0  -lpthreads 
/usr/bin/ld: cannot find -lpthreads
collect2: error: ld returned 1 exit status
CMakeFiles/cmTC_164c0.dir/build.make:98: recipe for target 'cmTC_164c0' failed
make[1]: *** [cmTC_164c0] Error 1
make[1]: Leaving directory '/home/team06/code/Team06-ADS_Autonomous-Lane-Detection/MPC/cpp_lane_infer/build/CMakeFiles/CMakeScratch/TryCompile-6105ob'
Makefile:127: recipe for target 'cmTC_164c0/fast' failed
make: *** [cmTC_164c0/fast] Error 2



